                              1 ;--------------------------------------------------------
                              2 ; File Created by SDCC : free open source ANSI-C Compiler
                              3 ; Version 3.5.5 #9498 (CYGWIN)
                              4 ;--------------------------------------------------------
                              5 	.module mago_simple
                              6 	.optsdcc -mz80
                              7 	
                              8 ;--------------------------------------------------------
                              9 ; Public variables in this module
                             10 ;--------------------------------------------------------
                             11 	.globl _g_tile_block
                             12 	.globl _g_tile_mago_simple_iz
                             13 	.globl _g_tile_mago_simple
                             14 ;--------------------------------------------------------
                             15 ; special function registers
                             16 ;--------------------------------------------------------
                             17 ;--------------------------------------------------------
                             18 ; ram data
                             19 ;--------------------------------------------------------
                             20 	.area _DATA
                             21 ;--------------------------------------------------------
                             22 ; ram data
                             23 ;--------------------------------------------------------
                             24 	.area _INITIALIZED
                             25 ;--------------------------------------------------------
                             26 ; absolute external ram data
                             27 ;--------------------------------------------------------
                             28 	.area _DABS (ABS)
                             29 ;--------------------------------------------------------
                             30 ; global & static initialisations
                             31 ;--------------------------------------------------------
                             32 	.area _HOME
                             33 	.area _GSINIT
                             34 	.area _GSFINAL
                             35 	.area _GSINIT
                             36 ;--------------------------------------------------------
                             37 ; Home
                             38 ;--------------------------------------------------------
                             39 	.area _HOME
                             40 	.area _HOME
                             41 ;--------------------------------------------------------
                             42 ; code
                             43 ;--------------------------------------------------------
                             44 	.area _CODE
                             45 	.area _CODE
   0000                      46 _g_tile_mago_simple:
   0000 00                   47 	.db #0x00	; 0
   0001 00                   48 	.db #0x00	; 0
   0002 00                   49 	.db #0x00	; 0
   0003 00                   50 	.db #0x00	; 0
   0004 00                   51 	.db #0x00	; 0
   0005 00                   52 	.db #0x00	; 0
   0006 00                   53 	.db #0x00	; 0
   0007 08                   54 	.db #0x08	; 8
   0008 08                   55 	.db #0x08	; 8
   0009 00                   56 	.db #0x00	; 0
   000A 00                   57 	.db #0x00	; 0
   000B 00                   58 	.db #0x00	; 0
   000C 00                   59 	.db #0x00	; 0
   000D 04                   60 	.db #0x04	; 4
   000E 04                   61 	.db #0x04	; 4
   000F 04                   62 	.db #0x04	; 4
   0010 08                   63 	.db #0x08	; 8
   0011 00                   64 	.db #0x00	; 0
   0012 00                   65 	.db #0x00	; 0
   0013 08                   66 	.db #0x08	; 8
   0014 08                   67 	.db #0x08	; 8
   0015 08                   68 	.db #0x08	; 8
   0016 00                   69 	.db #0x00	; 0
   0017 00                   70 	.db #0x00	; 0
   0018 00                   71 	.db #0x00	; 0
   0019 0C                   72 	.db #0x0C	; 12
   001A 08                   73 	.db #0x08	; 8
   001B 44                   74 	.db #0x44	; 68	'D'
   001C 88                   75 	.db #0x88	; 136
   001D 00                   76 	.db #0x00	; 0
   001E 00                   77 	.db #0x00	; 0
   001F 04                   78 	.db #0x04	; 4
   0020 44                   79 	.db #0x44	; 68	'D'
   0021 88                   80 	.db #0x88	; 136
   0022 CC                   81 	.db #0xCC	; 204
   0023 00                   82 	.db #0x00	; 0
   0024 00                   83 	.db #0x00	; 0
   0025 00                   84 	.db #0x00	; 0
   0026 44                   85 	.db #0x44	; 68	'D'
   0027 88                   86 	.db #0x88	; 136
   0028 CC                   87 	.db #0xCC	; 204
   0029 00                   88 	.db #0x00	; 0
   002A 00                   89 	.db #0x00	; 0
   002B 00                   90 	.db #0x00	; 0
   002C CC                   91 	.db #0xCC	; 204
   002D CC                   92 	.db #0xCC	; 204
   002E 00                   93 	.db #0x00	; 0
   002F 00                   94 	.db #0x00	; 0
   0030 00                   95 	.db #0x00	; 0
   0031 00                   96 	.db #0x00	; 0
   0032 00                   97 	.db #0x00	; 0
   0033 00                   98 	.db #0x00	; 0
   0034 00                   99 	.db #0x00	; 0
   0035 00                  100 	.db #0x00	; 0
   0036 00                  101 	.db #0x00	; 0
   0037 00                  102 	.db #0x00	; 0
   0038 0C                  103 	.db #0x0C	; 12
   0039 0C                  104 	.db #0x0C	; 12
   003A 0C                  105 	.db #0x0C	; 12
   003B 00                  106 	.db #0x00	; 0
   003C 00                  107 	.db #0x00	; 0
   003D 04                  108 	.db #0x04	; 4
   003E 04                  109 	.db #0x04	; 4
   003F 04                  110 	.db #0x04	; 4
   0040 00                  111 	.db #0x00	; 0
   0041 88                  112 	.db #0x88	; 136
   0042 00                  113 	.db #0x00	; 0
   0043 00                  114 	.db #0x00	; 0
   0044 08                  115 	.db #0x08	; 8
   0045 08                  116 	.db #0x08	; 8
   0046 CC                  117 	.db #0xCC	; 204
   0047 00                  118 	.db #0x00	; 0
   0048 00                  119 	.db #0x00	; 0
   0049 04                  120 	.db #0x04	; 4
   004A 00                  121 	.db #0x00	; 0
   004B CC                  122 	.db #0xCC	; 204
   004C 00                  123 	.db #0x00	; 0
   004D 00                  124 	.db #0x00	; 0
   004E 00                  125 	.db #0x00	; 0
   004F 08                  126 	.db #0x08	; 8
   0050 04                  127 	.db #0x04	; 4
   0051 08                  128 	.db #0x08	; 8
   0052 08                  129 	.db #0x08	; 8
   0053 00                  130 	.db #0x00	; 0
   0054 00                  131 	.db #0x00	; 0
   0055 00                  132 	.db #0x00	; 0
   0056 00                  133 	.db #0x00	; 0
   0057 00                  134 	.db #0x00	; 0
   0058 00                  135 	.db #0x00	; 0
   0059 00                  136 	.db #0x00	; 0
   005A 00                  137 	.db #0x00	; 0
   005B 00                  138 	.db #0x00	; 0
   005C 00                  139 	.db #0x00	; 0
   005D 00                  140 	.db #0x00	; 0
   005E 00                  141 	.db #0x00	; 0
   005F 00                  142 	.db #0x00	; 0
   0060                     143 _g_tile_mago_simple_iz:
   0060 CC                  144 	.db #0xCC	; 204
   0061 CC                  145 	.db #0xCC	; 204
   0062 CC                  146 	.db #0xCC	; 204
   0063 88                  147 	.db #0x88	; 136
   0064 00                  148 	.db #0x00	; 0
   0065 44                  149 	.db #0x44	; 68	'D'
   0066 00                  150 	.db #0x00	; 0
   0067 00                  151 	.db #0x00	; 0
   0068 00                  152 	.db #0x00	; 0
   0069 04                  153 	.db #0x04	; 4
   006A 04                  154 	.db #0x04	; 4
   006B 44                  155 	.db #0x44	; 68	'D'
   006C 88                  156 	.db #0x88	; 136
   006D 04                  157 	.db #0x04	; 4
   006E 08                  158 	.db #0x08	; 8
   006F 08                  159 	.db #0x08	; 8
   0070 08                  160 	.db #0x08	; 8
   0071 44                  161 	.db #0x44	; 68	'D'
   0072 CC                  162 	.db #0xCC	; 204
   0073 00                  163 	.db #0x00	; 0
   0074 04                  164 	.db #0x04	; 4
   0075 04                  165 	.db #0x04	; 4
   0076 04                  166 	.db #0x04	; 4
   0077 44                  167 	.db #0x44	; 68	'D'
   0078 CC                  168 	.db #0xCC	; 204
   0079 44                  169 	.db #0x44	; 68	'D'
   007A 88                  170 	.db #0x88	; 136
   007B 04                  171 	.db #0x04	; 4
   007C 0C                  172 	.db #0x0C	; 12
   007D 44                  173 	.db #0x44	; 68	'D'
   007E 88                  174 	.db #0x88	; 136
   007F CC                  175 	.db #0xCC	; 204
   0080 44                  176 	.db #0x44	; 68	'D'
   0081 88                  177 	.db #0x88	; 136
   0082 08                  178 	.db #0x08	; 8
   0083 CC                  179 	.db #0xCC	; 204
   0084 88                  180 	.db #0x88	; 136
   0085 CC                  181 	.db #0xCC	; 204
   0086 44                  182 	.db #0x44	; 68	'D'
   0087 88                  183 	.db #0x88	; 136
   0088 00                  184 	.db #0x00	; 0
   0089 44                  185 	.db #0x44	; 68	'D'
   008A CC                  186 	.db #0xCC	; 204
   008B 00                  187 	.db #0x00	; 0
   008C CC                  188 	.db #0xCC	; 204
   008D CC                  189 	.db #0xCC	; 204
   008E 44                  190 	.db #0x44	; 68	'D'
   008F 00                  191 	.db #0x00	; 0
   0090 88                  192 	.db #0x88	; 136
   0091 00                  193 	.db #0x00	; 0
   0092 00                  194 	.db #0x00	; 0
   0093 00                  195 	.db #0x00	; 0
   0094 44                  196 	.db #0x44	; 68	'D'
   0095 CC                  197 	.db #0xCC	; 204
   0096 88                  198 	.db #0x88	; 136
   0097 0C                  199 	.db #0x0C	; 12
   0098 0C                  200 	.db #0x0C	; 12
   0099 0C                  201 	.db #0x0C	; 12
   009A 44                  202 	.db #0x44	; 68	'D'
   009B CC                  203 	.db #0xCC	; 204
   009C 00                  204 	.db #0x00	; 0
   009D 00                  205 	.db #0x00	; 0
   009E 08                  206 	.db #0x08	; 8
   009F 08                  207 	.db #0x08	; 8
   00A0 08                  208 	.db #0x08	; 8
   00A1 CC                  209 	.db #0xCC	; 204
   00A2 88                  210 	.db #0x88	; 136
   00A3 00                  211 	.db #0x00	; 0
   00A4 04                  212 	.db #0x04	; 4
   00A5 04                  213 	.db #0x04	; 4
   00A6 00                  214 	.db #0x00	; 0
   00A7 CC                  215 	.db #0xCC	; 204
   00A8 88                  216 	.db #0x88	; 136
   00A9 00                  217 	.db #0x00	; 0
   00AA 44                  218 	.db #0x44	; 68	'D'
   00AB 00                  219 	.db #0x00	; 0
   00AC 08                  220 	.db #0x08	; 8
   00AD CC                  221 	.db #0xCC	; 204
   00AE 88                  222 	.db #0x88	; 136
   00AF 04                  223 	.db #0x04	; 4
   00B0 04                  224 	.db #0x04	; 4
   00B1 08                  225 	.db #0x08	; 8
   00B2 04                  226 	.db #0x04	; 4
   00B3 44                  227 	.db #0x44	; 68	'D'
   00B4 00                  228 	.db #0x00	; 0
   00B5 00                  229 	.db #0x00	; 0
   00B6 00                  230 	.db #0x00	; 0
   00B7 00                  231 	.db #0x00	; 0
   00B8 00                  232 	.db #0x00	; 0
   00B9 44                  233 	.db #0x44	; 68	'D'
   00BA 00                  234 	.db #0x00	; 0
   00BB 00                  235 	.db #0x00	; 0
   00BC CC                  236 	.db #0xCC	; 204
   00BD 00                  237 	.db #0x00	; 0
   00BE 00                  238 	.db #0x00	; 0
   00BF CC                  239 	.db #0xCC	; 204
   00C0                     240 _g_tile_block:
   00C0 0F                  241 	.db #0x0F	; 15
   00C1 0F                  242 	.db #0x0F	; 15
   00C2 0F                  243 	.db #0x0F	; 15
   00C3 0F                  244 	.db #0x0F	; 15
   00C4 0F                  245 	.db #0x0F	; 15
   00C5 0F                  246 	.db #0x0F	; 15
   00C6 0F                  247 	.db #0x0F	; 15
   00C7 0F                  248 	.db #0x0F	; 15
   00C8 0F                  249 	.db #0x0F	; 15
   00C9 0F                  250 	.db #0x0F	; 15
   00CA 0F                  251 	.db #0x0F	; 15
   00CB 0F                  252 	.db #0x0F	; 15
   00CC 0F                  253 	.db #0x0F	; 15
   00CD 0F                  254 	.db #0x0F	; 15
   00CE 0F                  255 	.db #0x0F	; 15
   00CF 0F                  256 	.db #0x0F	; 15
   00D0 0F                  257 	.db #0x0F	; 15
   00D1 0F                  258 	.db #0x0F	; 15
   00D2 0F                  259 	.db #0x0F	; 15
   00D3 0F                  260 	.db #0x0F	; 15
   00D4 0F                  261 	.db #0x0F	; 15
   00D5 0F                  262 	.db #0x0F	; 15
   00D6 0F                  263 	.db #0x0F	; 15
   00D7 0F                  264 	.db #0x0F	; 15
   00D8 0F                  265 	.db #0x0F	; 15
   00D9 0F                  266 	.db #0x0F	; 15
   00DA 0F                  267 	.db #0x0F	; 15
   00DB 0F                  268 	.db #0x0F	; 15
   00DC 0F                  269 	.db #0x0F	; 15
   00DD 0F                  270 	.db #0x0F	; 15
   00DE 0F                  271 	.db #0x0F	; 15
   00DF 0F                  272 	.db #0x0F	; 15
                            273 	.area _INITIALIZER
                            274 	.area _CABS (ABS)
